<?xml version="1.0" encoding="UTF-8"?>
<!-- Generated by org.testng.reporters.JUnitReportReporter -->
<testsuite skipped="0" hostname="DESKTOP-H3O127Q" name="regressionTests.EngineGeneration" tests="2" failures="0" timestamp="24 Jul 2019 07:39:06 GMT" time="946.820" errors="0">
  <testcase name="VerifyGenerateEngineCompletesWithoutFail" time="448.286" classname="regressionTests.EngineGeneration"/>
  <testcase name="VerifyGenerateEngineCompletesWithoutFail" time="498.534" classname="regressionTests.EngineGeneration"/>
</testsuite> <!-- regressionTests.EngineGeneration -->
