<?xml version="1.0" encoding="UTF-8"?>
<!-- Generated by org.testng.reporters.JUnitReportReporter -->
<testsuite skipped="0" hostname="DESKTOP-H3O127Q" name="regressionTests.EngineGeneration" tests="1" failures="0" timestamp="24 Jul 2019 06:33:44 GMT" time="494.483" errors="0">
  <testcase name="VerifyGenerateEngineCompletesWithoutFail" time="494.483" classname="regressionTests.EngineGeneration"/>
</testsuite> <!-- regressionTests.EngineGeneration -->
