<?xml version="1.0" encoding="UTF-8"?>
<!-- Generated by org.testng.reporters.JUnitReportReporter -->
<testsuite skipped="12" hostname="DESKTOP-H3O127Q" name="regressionTests.RegressionCases" tests="13" failures="0" timestamp="24 Jul 2019 14:27:15 GMT" time="710.839" errors="0">
  <testcase name="Verify_AdaptiveModel_For_Negative_Response" time="710.839" classname="regressionTests.RegressionCases"/>
  <testcase name="Verify_Deleted_Offer_Is_Not_Present_In_CSV" classname="regressionTests.RegressionCases">
    <skipped/>
  </testcase> <!-- Verify_Deleted_Offer_Is_Not_Present_In_CSV -->
  <testcase name="Verify_NewProperty_Added_Is_Available_in_DB" classname="regressionTests.RegressionCases">
    <skipped/>
  </testcase> <!-- Verify_NewProperty_Added_Is_Available_in_DB -->
  <testcase name="Verify_Rollback_Is_Working_As_Expected" classname="regressionTests.RegressionCases">
    <skipped/>
  </testcase> <!-- Verify_Rollback_Is_Working_As_Expected -->
  <testcase name="Verify_Discard_Version_Is_Successful" classname="regressionTests.RegressionCases">
    <skipped/>
  </testcase> <!-- Verify_Discard_Version_Is_Successful -->
  <testcase name="Verify_DownloadedCSV_For_New_version" classname="regressionTests.RegressionCases">
    <skipped/>
  </testcase> <!-- Verify_DownloadedCSV_For_New_version -->
  <testcase name="Verify_Creating_NewMicrositeTemp_ByAdding_Existing_Attribute" classname="regressionTests.RegressionCases">
    <skipped/>
  </testcase> <!-- Verify_Creating_NewMicrositeTemp_ByAdding_Existing_Attribute -->
  <testcase name="Verify_Existing_Attribute_Can_be_Added_In_OCCTemplate" classname="regressionTests.RegressionCases">
    <skipped/>
  </testcase> <!-- Verify_Existing_Attribute_Can_be_Added_In_OCCTemplate -->
  <testcase name="Verify_RealtimeSpine_Api" classname="regressionTests.RegressionCases">
    <skipped/>
  </testcase> <!-- Verify_RealtimeSpine_Api -->
  <testcase name="Verify_NewProperty_Added_Is_Available_in_PegaClass" classname="regressionTests.RegressionCases">
    <skipped/>
  </testcase> <!-- Verify_NewProperty_Added_Is_Available_in_PegaClass -->
  <testcase name="Verify_NewEmailTemp_ByCloning" classname="regressionTests.RegressionCases">
    <skipped/>
  </testcase> <!-- Verify_NewEmailTemp_ByCloning -->
  <testcase name="Verify_DownloadedCSV_For_Existing_Version" classname="regressionTests.RegressionCases">
    <skipped/>
  </testcase> <!-- Verify_DownloadedCSV_For_Existing_Version -->
  <testcase name="Verify_RealTimeEvent_API_Response_For_NewEvent" classname="regressionTests.RegressionCases">
    <skipped/>
  </testcase> <!-- Verify_RealTimeEvent_API_Response_For_NewEvent -->
</testsuite> <!-- regressionTests.RegressionCases -->
