<?xml version="1.0" encoding="UTF-8"?>
<!-- Generated by org.testng.reporters.JUnitReportReporter -->
<testsuite skipped="5" hostname="DESKTOP-H3O127Q" name="regressionTests.RegressionCases" tests="6" failures="0" timestamp="13 Jun 2019 10:59:24 GMT" time="1835.489" errors="0">
  <testcase name="Verify_NewEmailTemp_ByCloning" time="1835.489" classname="regressionTests.RegressionCases"/>
  <testcase name="Verify_Deleted_Offer_Is_Not_Present_In_CSV" classname="regressionTests.RegressionCases">
    <skipped/>
  </testcase> <!-- Verify_Deleted_Offer_Is_Not_Present_In_CSV -->
  <testcase name="Verify_DownloadedCSV_For_New_version" classname="regressionTests.RegressionCases">
    <skipped/>
  </testcase> <!-- Verify_DownloadedCSV_For_New_version -->
  <testcase name="Verify_RealtimeSpine_Api" classname="regressionTests.RegressionCases">
    <skipped/>
  </testcase> <!-- Verify_RealtimeSpine_Api -->
  <testcase name="Verify_DownloadedCSV_For_Existing_Version" classname="regressionTests.RegressionCases">
    <skipped/>
  </testcase> <!-- Verify_DownloadedCSV_For_Existing_Version -->
  <testcase name="Verify_RealTimeEvent_API_Response_For_NewEvent" classname="regressionTests.RegressionCases">
    <skipped/>
  </testcase> <!-- Verify_RealTimeEvent_API_Response_For_NewEvent -->
</testsuite> <!-- regressionTests.RegressionCases -->
